<?xml version="1.0" encoding="UTF-8"?>
<!-- Generated by org.testng.reporters.JUnitReportReporter -->
<testsuite hostname="DESKTOP-EEK1CB1" name="sirisha.Triangle" tests="1" failures="0" timestamp="6 Jan 2016 14:13:57 GMT" time="36.102" errors="0">
  <testcase name="test" time="36.102" classname="sirisha.Triangle"/>
</testsuite> <!-- sirisha.Triangle -->
